#! /c/Source/iverilog-install/bin/vvp
:ivl_version "12.0 (devel)" "(s20150603-1110-g18392a46)";
:ivl_delay_selection "TYPICAL";
:vpi_time_precision + 0;
:vpi_module "C:\iverilog\lib\ivl\system.vpi";
:vpi_module "C:\iverilog\lib\ivl\vhdl_sys.vpi";
:vpi_module "C:\iverilog\lib\ivl\vhdl_textio.vpi";
:vpi_module "C:\iverilog\lib\ivl\v2005_math.vpi";
:vpi_module "C:\iverilog\lib\ivl\va_math.vpi";
S_000001e45d2c2880 .scope module, "traffic_light" "traffic_light" 2 1;
 .timescale 0 0;
    .port_info 0 /INPUT 1 "clk";
    .port_info 1 /INPUT 1 "rstn";
    .port_info 2 /INPUT 2 "in";
    .port_info 3 /OUTPUT 2 "out";
P_000001e45d2c2a10 .param/l "GR" 1 2 3, C4<00>;
P_000001e45d2c2a48 .param/l "MAIN_GREEN_TIME" 1 2 8, +C4<00000000000000000000000001100011>;
P_000001e45d2c2a80 .param/l "RG" 1 2 5, C4<10>;
P_000001e45d2c2ab8 .param/l "RY" 1 2 6, C4<11>;
P_000001e45d2c2af0 .param/l "STREET_GREEN_TIME" 1 2 9, +C4<00000000000000000000000000110001>;
P_000001e45d2c2b28 .param/l "YELLOW_TIME" 1 2 10, +C4<00000000000000000000000000000100>;
P_000001e45d2c2b60 .param/l "YR" 1 2 4, C4<01>;
L_000001e45d2fab10 .functor BUFZ 2, v000001e45d00ad00_0, C4<00>, C4<00>, C4<00>;
o000001e45d2fbfa8 .functor BUFZ 1, C4<z>; HiZ drive
v000001e45d2c2f30_0 .net "clk", 0 0, o000001e45d2fbfa8;  0 drivers
v000001e45d00ac60_0 .var "count", 7 0;
v000001e45d00ad00_0 .var "curr_state", 1 0;
o000001e45d2fc038 .functor BUFZ 2, C4<zz>; HiZ drive
v000001e45d2c2ba0_0 .net "in", 1 0, o000001e45d2fc038;  0 drivers
v000001e45d2c2c40_0 .var "next_state", 1 0;
v000001e45d2f3900_0 .net "out", 1 0, L_000001e45d2fab10;  1 drivers
v000001e45d2f39a0_0 .var "prev_state", 1 0;
o000001e45d2fc0f8 .functor BUFZ 1, C4<z>; HiZ drive
v000001e45d2f3a40_0 .net "rstn", 0 0, o000001e45d2fc0f8;  0 drivers
v000001e45d2f3ae0_0 .var "timer_elapsed", 0 0;
E_000001e45d009f20 .event anyedge, v000001e45d00ad00_0, v000001e45d2c2ba0_0, v000001e45d2f3ae0_0;
E_000001e45d00ab60/0 .event negedge, v000001e45d2f3a40_0;
E_000001e45d00ab60/1 .event posedge, v000001e45d2c2f30_0;
E_000001e45d00ab60 .event/or E_000001e45d00ab60/0, E_000001e45d00ab60/1;
    .scope S_000001e45d2c2880;
T_0 ;
    %pushi/vec4 0, 0, 1;
    %store/vec4 v000001e45d2f3ae0_0, 0, 1;
    %end;
    .thread T_0;
    .scope S_000001e45d2c2880;
T_1 ;
    %wait E_000001e45d00ab60;
    %load/vec4 v000001e45d2f3a40_0;
    %nor/r;
    %flag_set/vec4 8;
    %jmp/0xz  T_1.0, 8;
    %pushi/vec4 0, 0, 2;
    %assign/vec4 v000001e45d00ad00_0, 0;
    %jmp T_1.1;
T_1.0 ;
    %load/vec4 v000001e45d2c2c40_0;
    %assign/vec4 v000001e45d00ad00_0, 0;
T_1.1 ;
    %jmp T_1;
    .thread T_1;
    .scope S_000001e45d2c2880;
T_2 ;
    %wait E_000001e45d00ab60;
    %load/vec4 v000001e45d2f3a40_0;
    %nor/r;
    %flag_set/vec4 8;
    %jmp/0xz  T_2.0, 8;
    %pushi/vec4 0, 0, 2;
    %assign/vec4 v000001e45d2f39a0_0, 0;
    %pushi/vec4 0, 0, 8;
    %assign/vec4 v000001e45d00ac60_0, 0;
    %pushi/vec4 0, 0, 1;
    %assign/vec4 v000001e45d2f3ae0_0, 0;
    %jmp T_2.1;
T_2.0 ;
    %load/vec4 v000001e45d00ad00_0;
    %load/vec4 v000001e45d2f39a0_0;
    %cmp/ne;
    %jmp/0xz  T_2.2, 4;
    %load/vec4 v000001e45d00ad00_0;
    %assign/vec4 v000001e45d2f39a0_0, 0;
    %pushi/vec4 0, 0, 8;
    %assign/vec4 v000001e45d00ac60_0, 0;
    %pushi/vec4 0, 0, 1;
    %assign/vec4 v000001e45d2f3ae0_0, 0;
    %jmp T_2.3;
T_2.2 ;
    %load/vec4 v000001e45d2f3ae0_0;
    %nor/r;
    %flag_set/vec4 8;
    %jmp/0xz  T_2.4, 8;
    %load/vec4 v000001e45d00ac60_0;
    %addi 1, 0, 8;
    %assign/vec4 v000001e45d00ac60_0, 0;
    %load/vec4 v000001e45d00ad00_0;
    %dup/vec4;
    %pushi/vec4 0, 0, 2;
    %cmp/u;
    %jmp/1 T_2.6, 6;
    %dup/vec4;
    %pushi/vec4 2, 0, 2;
    %cmp/u;
    %jmp/1 T_2.7, 6;
    %dup/vec4;
    %pushi/vec4 3, 0, 2;
    %cmp/u;
    %jmp/1 T_2.8, 6;
    %dup/vec4;
    %pushi/vec4 1, 0, 2;
    %cmp/u;
    %jmp/1 T_2.9, 6;
    %jmp T_2.10;
T_2.6 ;
    %load/vec4 v000001e45d00ac60_0;
    %pad/u 32;
    %cmpi/u 99, 0, 32;
    %flag_inv 5; GE is !LT
    %jmp/0xz  T_2.11, 5;
    %pushi/vec4 1, 0, 1;
    %assign/vec4 v000001e45d2f3ae0_0, 0;
T_2.11 ;
    %jmp T_2.10;
T_2.7 ;
    %load/vec4 v000001e45d00ac60_0;
    %pad/u 32;
    %cmpi/u 49, 0, 32;
    %flag_inv 5; GE is !LT
    %jmp/0xz  T_2.13, 5;
    %pushi/vec4 1, 0, 1;
    %assign/vec4 v000001e45d2f3ae0_0, 0;
T_2.13 ;
    %jmp T_2.10;
T_2.8 ;
    %load/vec4 v000001e45d00ac60_0;
    %pad/u 32;
    %cmpi/u 4, 0, 32;
    %flag_inv 5; GE is !LT
    %jmp/0xz  T_2.15, 5;
    %pushi/vec4 1, 0, 1;
    %assign/vec4 v000001e45d2f3ae0_0, 0;
T_2.15 ;
    %jmp T_2.10;
T_2.9 ;
    %load/vec4 v000001e45d00ac60_0;
    %pad/u 32;
    %cmpi/u 4, 0, 32;
    %flag_inv 5; GE is !LT
    %jmp/0xz  T_2.17, 5;
    %pushi/vec4 1, 0, 1;
    %assign/vec4 v000001e45d2f3ae0_0, 0;
T_2.17 ;
    %jmp T_2.10;
T_2.10 ;
    %pop/vec4 1;
T_2.4 ;
T_2.3 ;
T_2.1 ;
    %jmp T_2;
    .thread T_2;
    .scope S_000001e45d2c2880;
T_3 ;
    %wait E_000001e45d009f20;
    %load/vec4 v000001e45d00ad00_0;
    %store/vec4 v000001e45d2c2c40_0, 0, 2;
    %load/vec4 v000001e45d00ad00_0;
    %dup/vec4;
    %pushi/vec4 0, 0, 2;
    %cmp/u;
    %jmp/1 T_3.0, 6;
    %dup/vec4;
    %pushi/vec4 1, 0, 2;
    %cmp/u;
    %jmp/1 T_3.1, 6;
    %dup/vec4;
    %pushi/vec4 2, 0, 2;
    %cmp/u;
    %jmp/1 T_3.2, 6;
    %dup/vec4;
    %pushi/vec4 3, 0, 2;
    %cmp/u;
    %jmp/1 T_3.3, 6;
    %pushi/vec4 0, 0, 2;
    %store/vec4 v000001e45d2c2c40_0, 0, 2;
    %jmp T_3.5;
T_3.0 ;
    %load/vec4 v000001e45d2c2ba0_0;
    %parti/s 1, 0, 2;
    %load/vec4 v000001e45d2f3ae0_0;
    %and;
    %flag_set/vec4 8;
    %jmp/0xz  T_3.6, 8;
    %pushi/vec4 1, 0, 2;
    %store/vec4 v000001e45d2c2c40_0, 0, 2;
T_3.6 ;
    %jmp T_3.5;
T_3.1 ;
    %load/vec4 v000001e45d2f3ae0_0;
    %flag_set/vec4 8;
    %jmp/0xz  T_3.8, 8;
    %pushi/vec4 2, 0, 2;
    %store/vec4 v000001e45d2c2c40_0, 0, 2;
T_3.8 ;
    %jmp T_3.5;
T_3.2 ;
    %load/vec4 v000001e45d2f3ae0_0;
    %flag_set/vec4 8;
    %jmp/0xz  T_3.10, 8;
    %pushi/vec4 3, 0, 2;
    %store/vec4 v000001e45d2c2c40_0, 0, 2;
T_3.10 ;
    %jmp T_3.5;
T_3.3 ;
    %load/vec4 v000001e45d2f3ae0_0;
    %flag_set/vec4 8;
    %jmp/0xz  T_3.12, 8;
    %pushi/vec4 0, 0, 2;
    %store/vec4 v000001e45d2c2c40_0, 0, 2;
T_3.12 ;
    %jmp T_3.5;
T_3.5 ;
    %pop/vec4 1;
    %jmp T_3;
    .thread T_3, $push;
# The file index is used to find the file name in the following table.
:file_names 3;
    "N/A";
    "<interactive>";
    "traffic_light_controller.v";
